<?xml version="1.0" encoding="UTF-8"?>
<testsuite xmlns:xsi="http://www.w3.org/2001/XMLSchema-instance" xsi:noNamespaceSchemaLocation="https://maven.apache.org/surefire/maven-surefire-plugin/xsd/surefire-test-report-3.0.xsd" version="3.0" name="com.cashCard.CashCardApplicationTests" time="9.56" tests="3" errors="0" skipped="0" failures="0">
  <properties>
[...]
</properties>
  <testcase name="shouldReturnACashCardWhenDataIsSaved" classname="com.cashCard.CashCardApplicationTests" time="2.43">
    <system-out><![CDATA[08:29:03.502 [main] INFO org.springframework.test.context.support.AnnotationConfigContextLoaderUtils -- Could not detect default configuration classes for test class [com.cashCard.CashCardApplicationTests]: CashCardApplicationTests does not declare any static, non-private, non-final, nested classes annotated with @Configuration.
08:29:03.683 [main] INFO org.springframework.boot.test.context.SpringBootTestContextBootstrapper -- Found @SpringBootConfiguration com.cashCard.CashCardApplication for test class com.cashCard.CashCardApplicationTests

  .   ____          _            __ _ _
 /\\ / ___'_ __ _ _(_)_ __  __ _ \ \ \ \
( ( )\___ | '_ | '_| | '_ \/ _` | \ \ \ \
 \\/  ___)| |_)| | | | | || (_| |  ) ) ) )
  '  |____| .__|_| |_|_| |_\__, | / / / /
 =========|_|==============|___/=/_/_/_/

 :: Spring Boot ::                (v3.3.1)

2024-07-01T08:29:04.696-06:00  INFO 17120 --- [cashCard] [           main] com.cashCard.CashCardApplicationTests    : Starting CashCardApplicationTests using Java 22.0.1 with PID 17120 (started by adria in C:\Users\adria\Desktop\Commands with Spring\Spring zips\cashCard)
2024-07-01T08:29:04.701-06:00  INFO 17120 --- [cashCard] [           main] com.cashCard.CashCardApplicationTests    : No active profile set, falling back to 1 default profile: "default"
2024-07-01T08:29:06.102-06:00  INFO 17120 --- [cashCard] [           main] .s.d.r.c.RepositoryConfigurationDelegate : Bootstrapping Spring Data JDBC repositories in DEFAULT mode.
2024-07-01T08:29:06.241-06:00  INFO 17120 --- [cashCard] [           main] .s.d.r.c.RepositoryConfigurationDelegate : Finished Spring Data repository scanning in 117 ms. Found 1 JDBC repository interface.
2024-07-01T08:29:07.549-06:00  INFO 17120 --- [cashCard] [           main] o.s.b.w.embedded.tomcat.TomcatWebServer  : Tomcat initialized with port 0 (http)
2024-07-01T08:29:07.588-06:00  INFO 17120 --- [cashCard] [           main] o.apache.catalina.core.StandardService   : Starting service [Tomcat]
2024-07-01T08:29:07.589-06:00  INFO 17120 --- [cashCard] [           main] o.apache.catalina.core.StandardEngine    : Starting Servlet engine: [Apache Tomcat/10.1.25]
2024-07-01T08:29:07.714-06:00  INFO 17120 --- [cashCard] [           main] o.a.c.c.C.[Tomcat].[localhost].[/]       : Initializing Spring embedded WebApplicationContext
2024-07-01T08:29:07.715-06:00  INFO 17120 --- [cashCard] [           main] w.s.c.ServletWebServerApplicationContext : Root WebApplicationContext: initialization completed in 2956 ms
2024-07-01T08:29:07.782-06:00  INFO 17120 --- [cashCard] [           main] com.zaxxer.hikari.HikariDataSource       : HikariPool-1 - Starting...
2024-07-01T08:29:08.347-06:00  INFO 17120 --- [cashCard] [           main] com.zaxxer.hikari.pool.HikariPool        : HikariPool-1 - Added connection conn0: url=jdbc:h2:mem:testdb user=SA
2024-07-01T08:29:08.350-06:00  INFO 17120 --- [cashCard] [           main] com.zaxxer.hikari.HikariDataSource       : HikariPool-1 - Start completed.
2024-07-01T08:29:08.373-06:00  INFO 17120 --- [cashCard] [           main] o.s.b.a.h2.H2ConsoleAutoConfiguration    : H2 console available at '/h2'. Database available at 'jdbc:h2:mem:testdb'
2024-07-01T08:29:10.081-06:00  INFO 17120 --- [cashCard] [           main] o.s.b.w.embedded.tomcat.TomcatWebServer  : Tomcat started on port 50581 (http) with context path '/'
2024-07-01T08:29:10.097-06:00  INFO 17120 --- [cashCard] [           main] com.cashCard.CashCardApplicationTests    : Started CashCardApplicationTests in 6.102 seconds (process running for 7.987)
2024-07-01T08:29:12.056-06:00  INFO 17120 --- [cashCard] [o-auto-1-exec-1] o.a.c.c.C.[Tomcat].[localhost].[/]       : Initializing Spring DispatcherServlet 'dispatcherServlet'
2024-07-01T08:29:12.057-06:00  INFO 17120 --- [cashCard] [o-auto-1-exec-1] o.s.web.servlet.DispatcherServlet        : Initializing Servlet 'dispatcherServlet'
2024-07-01T08:29:12.058-06:00  INFO 17120 --- [cashCard] [o-auto-1-exec-1] o.s.web.servlet.DispatcherServlet        : Completed initialization in 1 ms
]]></system-out>
  </testcase>
  <testcase name="shouldCreateANewCashCard" classname="com.cashCard.CashCardApplicationTests" time="0.177"/>
  <testcase name="shouldNotReturnACashCardWithAnUnknownId" classname="com.cashCard.CashCardApplicationTests" time="0.021"/>
</testsuite>