<?xml version="1.0" encoding="UTF-8"?>
<testsuite xmlns:xsi="http://www.w3.org/2001/XMLSchema-instance" xsi:noNamespaceSchemaLocation="https://maven.apache.org/surefire/maven-surefire-plugin/xsd/surefire-test-report-3.0.xsd" version="3.0" name="com.cashCard.CashCardJsonTest" time="0.535" tests="2" errors="0" skipped="0" failures="0">
  <properties>
[...]
</properties>
  <testcase name="cashCardDeserializationTest" classname="com.cashCard.CashCardJsonTest" time="0.035">
    <system-out><![CDATA[2024-07-01T08:29:12.769-06:00  INFO 17120 --- [cashCard] [           main] t.c.s.AnnotationConfigContextLoaderUtils : Could not detect default configuration classes for test class [com.cashCard.CashCardJsonTest]: CashCardJsonTest does not declare any static, non-private, non-final, nested classes annotated with @Configuration.
2024-07-01T08:29:12.816-06:00  INFO 17120 --- [cashCard] [           main] .b.t.c.SpringBootTestContextBootstrapper : Found @SpringBootConfiguration com.cashCard.CashCardApplication for test class com.cashCard.CashCardJsonTest

  .   ____          _            __ _ _
 /\\ / ___'_ __ _ _(_)_ __  __ _ \ \ \ \
( ( )\___ | '_ | '_| | '_ \/ _` | \ \ \ \
 \\/  ___)| |_)| | | | | || (_| |  ) ) ) )
  '  |____| .__|_| |_|_| |_\__, | / / / /
 =========|_|==============|___/=/_/_/_/

 :: Spring Boot ::                (v3.3.1)

2024-07-01T08:29:12.970-06:00  INFO 17120 --- [cashCard] [           main] com.cashCard.CashCardJsonTest            : Starting CashCardJsonTest using Java 22.0.1 with PID 17120 (started by adria in C:\Users\adria\Desktop\Commands with Spring\Spring zips\cashCard)
2024-07-01T08:29:12.971-06:00  INFO 17120 --- [cashCard] [           main] com.cashCard.CashCardJsonTest            : No active profile set, falling back to 1 default profile: "default"
2024-07-01T08:29:13.194-06:00  INFO 17120 --- [cashCard] [           main] com.cashCard.CashCardJsonTest            : Started CashCardJsonTest in 0.363 seconds (process running for 11.084)
]]></system-out>
  </testcase>
  <testcase name="cashCardSerialiazationTest" classname="com.cashCard.CashCardJsonTest" time="0.046"/>
</testsuite>